2025-01-03 12:17:00 | INFO | repo=arquillian-phantom-driver | action=commit
2025-05-10 14:33:00 | WARN | repo=arquillian-phantom-driver | action=edit | files=2
2025-05-20 07:43:00 | DEBUG | repo=arquillian-phantom-driver | action=commit
2025-08-18 15:28:00 | DEBUG | repo=arquillian-phantom-driver | action=edit | files=4
2025-05-28 09:10:00 | DEBUG | repo=arquillian-phantom-driver | action=commit
2025-03-16 21:13:00 | DEBUG | repo=arquillian-phantom-driver | action=edit | files=3
2025-02-09 13:04:00 | WARN | repo=arquillian-phantom-driver | action=commit
2025-06-22 14:01:00 | DEBUG | repo=arquillian-phantom-driver | action=commit
2025-11-23 10:11:00 | WARN | repo=arquillian-phantom-driver | action=pull
2025-04-20 13:55:00 | WARN | repo=arquillian-phantom-driver | action=commit
2025-03-27 10:47:00 | WARN | repo=arquillian-phantom-driver | action=commit
2025-10-03 12:14:00 | DEBUG | repo=arquillian-phantom-driver | action=commit
2025-06-16 17:31:00 | DEBUG | repo=arquillian-phantom-driver | action=commit
2025-12-14 18:05:00 | WARN | repo=arquillian-phantom-driver | action=commit
2025-11-10 15:59:00 | DEBUG | repo=arquillian-phantom-driver | action=commit
2025-08-03 21:17:00 | INFO | repo=arquillian-phantom-driver | action=edit | files=3
2025-03-08 19:14:00 | DEBUG | repo=arquillian-phantom-driver | action=commit
2025-03-16 20:53:00 | INFO | repo=arquillian-phantom-driver | action=pull
2025-07-26 16:23:00 | DEBUG | repo=arquillian-phantom-driver | action=commit
2025-09-08 12:21:00 | INFO | repo=arquillian-phantom-driver | action=commit
2025-10-25 18:29:00 | WARN | repo=arquillian-phantom-driver | action=commit
2025-05-11 19:48:00 | WARN | repo=arquillian-phantom-driver | action=commit
